<?xml version="1.0" encoding="UTF-8"?>
<testExecutions version="1">
  <file path="C:\development\coingecko\src\__tests__\coinAdapter.test.tsx">
  </file>
  <file path="C:\development\coingecko\src\App.test.tsx">
  </file>
</testExecutions>